{
  "C:\\Users\\arung\\Downloads\\CSC308\\dog_project\\BE-scheduling\\DB-Modules\\dbConnection.js": {
    "path": "C:\\Users\\arung\\Downloads\\CSC308\\dog_project\\BE-scheduling\\DB-Modules\\dbConnection.js",
    "statementMap": {
      "0": {
        "start": { "line": 1, "column": 17 },
        "end": { "line": 1, "column": 36 }
      },
      "1": {
        "start": { "line": 2, "column": 15 },
        "end": { "line": 2, "column": 32 }
      },
      "2": {
        "start": { "line": 3, "column": 0 },
        "end": { "line": 3, "column": 16 }
      },
      "3": {
        "start": { "line": 18, "column": 2 },
        "end": { "line": 18, "column": 21 }
      },
      "4": {
        "start": { "line": 19, "column": 2 },
        "end": { "line": 24, "column": 3 }
      },
      "5": {
        "start": { "line": 20, "column": 4 },
        "end": { "line": 23, "column": 7 }
      },
      "6": {
        "start": { "line": 25, "column": 2 },
        "end": { "line": 25, "column": 22 }
      },
      "7": {
        "start": { "line": 28, "column": 0 },
        "end": { "line": 28, "column": 42 }
      }
    },
    "fnMap": {
      "0": {
        "name": "getDbConnection",
        "decl": {
          "start": { "line": 17, "column": 9 },
          "end": { "line": 17, "column": 24 }
        },
        "loc": {
          "start": { "line": 17, "column": 30 },
          "end": { "line": 26, "column": 1 }
        },
        "line": 17
      }
    },
    "branchMap": {
      "0": {
        "loc": {
          "start": { "line": 19, "column": 2 },
          "end": { "line": 24, "column": 3 }
        },
        "type": "if",
        "locations": [
          {
            "start": { "line": 19, "column": 2 },
            "end": { "line": 24, "column": 3 }
          },
          { "start": {}, "end": {} }
        ],
        "line": 19
      }
    },
    "s": {
      "0": 6,
      "1": 6,
      "2": 6,
      "3": 212,
      "4": 212,
      "5": 6,
      "6": 212,
      "7": 6
    },
    "f": { "0": 212 },
    "b": { "0": [6, 206] },
    "_coverageSchema": "1a1c01bbd47fc00a2c39e90264f33305004495a9",
    "hash": "0d4defbc4962f531102aa0cde634d3fd2f7572e6"
  },
  "C:\\Users\\arung\\Downloads\\CSC308\\dog_project\\BE-scheduling\\DB-Modules\\Models\\appointment.js": {
    "path": "C:\\Users\\arung\\Downloads\\CSC308\\dog_project\\BE-scheduling\\DB-Modules\\Models\\appointment.js",
    "statementMap": {
      "0": {
        "start": { "line": 1, "column": 17 },
        "end": { "line": 1, "column": 36 }
      },
      "1": {
        "start": { "line": 3, "column": 26 },
        "end": { "line": 37, "column": 1 }
      },
      "2": {
        "start": { "line": 39, "column": 0 },
        "end": { "line": 39, "column": 35 }
      }
    },
    "fnMap": {},
    "branchMap": {},
    "s": { "0": 6, "1": 6, "2": 6 },
    "f": {},
    "b": {},
    "_coverageSchema": "1a1c01bbd47fc00a2c39e90264f33305004495a9",
    "hash": "93f2f1f11d1136991af5857156bb81c18f1cc12c"
  },
  "C:\\Users\\arung\\Downloads\\CSC308\\dog_project\\BE-scheduling\\DB-Modules\\Models\\client.js": {
    "path": "C:\\Users\\arung\\Downloads\\CSC308\\dog_project\\BE-scheduling\\DB-Modules\\Models\\client.js",
    "statementMap": {
      "0": {
        "start": { "line": 1, "column": 17 },
        "end": { "line": 1, "column": 36 }
      },
      "1": {
        "start": { "line": 3, "column": 21 },
        "end": { "line": 25, "column": 1 }
      },
      "2": {
        "start": { "line": 27, "column": 0 },
        "end": { "line": 27, "column": 30 }
      }
    },
    "fnMap": {},
    "branchMap": {},
    "s": { "0": 6, "1": 6, "2": 6 },
    "f": {},
    "b": {},
    "_coverageSchema": "1a1c01bbd47fc00a2c39e90264f33305004495a9",
    "hash": "3f2c56a2e875e100c9a25e05c5e14a4af6523c95"
  },
  "C:\\Users\\arung\\Downloads\\CSC308\\dog_project\\BE-scheduling\\DB-Modules\\Models\\dog.js": {
    "path": "C:\\Users\\arung\\Downloads\\CSC308\\dog_project\\BE-scheduling\\DB-Modules\\Models\\dog.js",
    "statementMap": {
      "0": {
        "start": { "line": 1, "column": 17 },
        "end": { "line": 1, "column": 36 }
      },
      "1": {
        "start": { "line": 3, "column": 18 },
        "end": { "line": 21, "column": 1 }
      },
      "2": {
        "start": { "line": 23, "column": 0 },
        "end": { "line": 23, "column": 27 }
      }
    },
    "fnMap": {},
    "branchMap": {},
    "s": { "0": 6, "1": 6, "2": 6 },
    "f": {},
    "b": {},
    "_coverageSchema": "1a1c01bbd47fc00a2c39e90264f33305004495a9",
    "hash": "01f38fcbad0dc3455f2dfdda01a686040d75a8e7"
  },
  "C:\\Users\\arung\\Downloads\\CSC308\\dog_project\\BE-scheduling\\DB-Modules\\Services\\appointment-services.js": {
    "path": "C:\\Users\\arung\\Downloads\\CSC308\\dog_project\\BE-scheduling\\DB-Modules\\Services\\appointment-services.js",
    "statementMap": {
      "0": {
        "start": { "line": 1, "column": 12 },
        "end": { "line": 1, "column": 43 }
      },
      "1": {
        "start": { "line": 2, "column": 26 },
        "end": { "line": 2, "column": 58 }
      },
      "2": {
        "start": { "line": 3, "column": 23 },
        "end": { "line": 3, "column": 51 }
      },
      "3": {
        "start": { "line": 4, "column": 20 },
        "end": { "line": 4, "column": 45 }
      },
      "4": {
        "start": { "line": 5, "column": 21 },
        "end": { "line": 5, "column": 47 }
      },
      "5": {
        "start": { "line": 6, "column": 25 },
        "end": { "line": 6, "column": 44 }
      },
      "6": {
        "start": { "line": 7, "column": 28 },
        "end": { "line": 7, "column": 47 }
      },
      "7": {
        "start": { "line": 11, "column": 2 },
        "end": { "line": 11, "column": 22 }
      },
      "8": {
        "start": { "line": 12, "column": 2 },
        "end": { "line": 12, "column": 13 }
      },
      "9": {
        "start": { "line": 16, "column": 2 },
        "end": { "line": 16, "column": 42 }
      },
      "10": {
        "start": { "line": 17, "column": 27 },
        "end": { "line": 17, "column": 70 }
      },
      "11": {
        "start": { "line": 18, "column": 2 },
        "end": { "line": 29, "column": 3 }
      },
      "12": {
        "start": { "line": 19, "column": 30 },
        "end": { "line": 19, "column": 66 }
      },
      "13": {
        "start": { "line": 21, "column": 4 },
        "end": { "line": 23, "column": 5 }
      },
      "14": {
        "start": { "line": 22, "column": 6 },
        "end": { "line": 22, "column": 78 }
      },
      "15": {
        "start": { "line": 25, "column": 4 },
        "end": { "line": 25, "column": 31 }
      },
      "16": {
        "start": { "line": 27, "column": 4 },
        "end": { "line": 27, "column": 23 }
      },
      "17": {
        "start": { "line": 28, "column": 4 },
        "end": { "line": 28, "column": 17 }
      },
      "18": {
        "start": { "line": 33, "column": 2 },
        "end": { "line": 33, "column": 42 }
      },
      "19": {
        "start": { "line": 34, "column": 27 },
        "end": { "line": 34, "column": 70 }
      },
      "20": {
        "start": { "line": 35, "column": 2 },
        "end": { "line": 45, "column": 3 }
      },
      "21": {
        "start": { "line": 36, "column": 28 },
        "end": { "line": 36, "column": 70 }
      },
      "22": {
        "start": { "line": 38, "column": 4 },
        "end": { "line": 39, "column": 69 }
      },
      "23": {
        "start": { "line": 39, "column": 6 },
        "end": { "line": 39, "column": 69 }
      },
      "24": {
        "start": { "line": 41, "column": 4 },
        "end": { "line": 41, "column": 29 }
      },
      "25": {
        "start": { "line": 43, "column": 4 },
        "end": { "line": 43, "column": 23 }
      },
      "26": {
        "start": { "line": 44, "column": 4 },
        "end": { "line": 44, "column": 17 }
      },
      "27": {
        "start": { "line": 49, "column": 2 },
        "end": { "line": 49, "column": 42 }
      },
      "28": {
        "start": { "line": 50, "column": 27 },
        "end": { "line": 50, "column": 70 }
      },
      "29": {
        "start": { "line": 51, "column": 27 },
        "end": { "line": 53, "column": 11 }
      },
      "30": {
        "start": { "line": 54, "column": 2 },
        "end": { "line": 54, "column": 58 }
      },
      "31": {
        "start": { "line": 55, "column": 2 },
        "end": { "line": 55, "column": 28 }
      },
      "32": {
        "start": { "line": 59, "column": 2 },
        "end": { "line": 59, "column": 42 }
      },
      "33": {
        "start": { "line": 60, "column": 27 },
        "end": { "line": 60, "column": 70 }
      },
      "34": {
        "start": { "line": 61, "column": 2 },
        "end": { "line": 72, "column": 3 }
      },
      "35": {
        "start": { "line": 62, "column": 29 },
        "end": { "line": 62, "column": 62 }
      },
      "36": {
        "start": { "line": 63, "column": 27 },
        "end": { "line": 63, "column": 56 }
      },
      "37": {
        "start": { "line": 65, "column": 4 },
        "end": { "line": 65, "column": 41 }
      },
      "38": {
        "start": { "line": 66, "column": 4 },
        "end": { "line": 66, "column": 43 }
      },
      "39": {
        "start": { "line": 68, "column": 4 },
        "end": { "line": 68, "column": 23 }
      },
      "40": {
        "start": { "line": 70, "column": 4 },
        "end": { "line": 70, "column": 23 }
      },
      "41": {
        "start": { "line": 71, "column": 4 },
        "end": { "line": 71, "column": 17 }
      },
      "42": {
        "start": { "line": 76, "column": 2 },
        "end": { "line": 76, "column": 42 }
      },
      "43": {
        "start": { "line": 77, "column": 27 },
        "end": { "line": 77, "column": 70 }
      },
      "44": {
        "start": { "line": 78, "column": 2 },
        "end": { "line": 99, "column": 3 }
      },
      "45": {
        "start": { "line": 79, "column": 29 },
        "end": { "line": 93, "column": 13 }
      },
      "46": {
        "start": { "line": 94, "column": 4 },
        "end": { "line": 94, "column": 48 }
      },
      "47": {
        "start": { "line": 95, "column": 4 },
        "end": { "line": 95, "column": 30 }
      },
      "48": {
        "start": { "line": 97, "column": 4 },
        "end": { "line": 97, "column": 23 }
      },
      "49": {
        "start": { "line": 98, "column": 4 },
        "end": { "line": 98, "column": 17 }
      },
      "50": {
        "start": { "line": 103, "column": 2 },
        "end": { "line": 103, "column": 42 }
      },
      "51": {
        "start": { "line": 104, "column": 27 },
        "end": { "line": 104, "column": 70 }
      },
      "52": {
        "start": { "line": 105, "column": 2 },
        "end": { "line": 110, "column": 3 }
      },
      "53": {
        "start": { "line": 106, "column": 4 },
        "end": { "line": 106, "column": 56 }
      },
      "54": {
        "start": { "line": 108, "column": 4 },
        "end": { "line": 108, "column": 23 }
      },
      "55": {
        "start": { "line": 109, "column": 4 },
        "end": { "line": 109, "column": 17 }
      },
      "56": {
        "start": { "line": 114, "column": 25 },
        "end": { "line": 114, "column": 27 }
      },
      "57": {
        "start": { "line": 115, "column": 2 },
        "end": { "line": 121, "column": 3 }
      },
      "58": {
        "start": { "line": 116, "column": 4 },
        "end": { "line": 120, "column": 6 }
      },
      "59": {
        "start": { "line": 118, "column": 8 },
        "end": { "line": 118, "column": 62 }
      },
      "60": {
        "start": { "line": 122, "column": 2 },
        "end": { "line": 122, "column": 26 }
      },
      "61": {
        "start": { "line": 126, "column": 2 },
        "end": { "line": 153, "column": 3 }
      },
      "62": {
        "start": { "line": 127, "column": 17 },
        "end": { "line": 127, "column": 73 }
      },
      "63": {
        "start": { "line": 128, "column": 14 },
        "end": { "line": 128, "column": 61 }
      },
      "64": {
        "start": { "line": 130, "column": 4 },
        "end": { "line": 130, "column": 32 }
      },
      "65": {
        "start": { "line": 131, "column": 4 },
        "end": { "line": 131, "column": 29 }
      },
      "66": {
        "start": { "line": 133, "column": 4 },
        "end": { "line": 133, "column": 48 }
      },
      "67": {
        "start": { "line": 134, "column": 4 },
        "end": { "line": 134, "column": 38 }
      },
      "68": {
        "start": { "line": 136, "column": 15 },
        "end": { "line": 136, "column": 45 }
      },
      "69": {
        "start": { "line": 138, "column": 4 },
        "end": { "line": 150, "column": 11 }
      },
      "70": {
        "start": { "line": 139, "column": 6 },
        "end": { "line": 142, "column": 9 }
      },
      "71": {
        "start": { "line": 144, "column": 6 },
        "end": { "line": 150, "column": 11 }
      },
      "72": {
        "start": { "line": 152, "column": 4 },
        "end": { "line": 152, "column": 23 }
      },
      "73": {
        "start": { "line": 156, "column": 0 },
        "end": { "line": 156, "column": 38 }
      },
      "74": {
        "start": { "line": 157, "column": 0 },
        "end": { "line": 157, "column": 42 }
      },
      "75": {
        "start": { "line": 158, "column": 0 },
        "end": { "line": 158, "column": 48 }
      },
      "76": {
        "start": { "line": 159, "column": 0 },
        "end": { "line": 159, "column": 54 }
      },
      "77": {
        "start": { "line": 160, "column": 0 },
        "end": { "line": 160, "column": 40 }
      },
      "78": {
        "start": { "line": 161, "column": 0 },
        "end": { "line": 161, "column": 46 }
      },
      "79": {
        "start": { "line": 162, "column": 0 },
        "end": { "line": 162, "column": 54 }
      }
    },
    "fnMap": {
      "0": {
        "name": "setConnection",
        "decl": {
          "start": { "line": 10, "column": 9 },
          "end": { "line": 10, "column": 22 }
        },
        "loc": {
          "start": { "line": 10, "column": 38 },
          "end": { "line": 13, "column": 1 }
        },
        "line": 10
      },
      "1": {
        "name": "getAppointments",
        "decl": {
          "start": { "line": 15, "column": 15 },
          "end": { "line": 15, "column": 30 }
        },
        "loc": {
          "start": { "line": 15, "column": 46 },
          "end": { "line": 30, "column": 1 }
        },
        "line": 15
      },
      "2": {
        "name": "getAppointmentById",
        "decl": {
          "start": { "line": 32, "column": 15 },
          "end": { "line": 32, "column": 33 }
        },
        "loc": {
          "start": { "line": 32, "column": 53 },
          "end": { "line": 46, "column": 1 }
        },
        "line": 32
      },
      "3": {
        "name": "getTodaysAppointments",
        "decl": {
          "start": { "line": 48, "column": 15 },
          "end": { "line": 48, "column": 36 }
        },
        "loc": {
          "start": { "line": 48, "column": 39 },
          "end": { "line": 56, "column": 1 }
        },
        "line": 48
      },
      "4": {
        "name": "addAppointment",
        "decl": {
          "start": { "line": 58, "column": 15 },
          "end": { "line": 58, "column": 29 }
        },
        "loc": {
          "start": { "line": 58, "column": 43 },
          "end": { "line": 73, "column": 1 }
        },
        "line": 58
      },
      "5": {
        "name": "updateAppointment",
        "decl": {
          "start": { "line": 75, "column": 15 },
          "end": { "line": 75, "column": 32 }
        },
        "loc": {
          "start": { "line": 75, "column": 46 },
          "end": { "line": 100, "column": 1 }
        },
        "line": 75
      },
      "6": {
        "name": "deleteAppointmentById",
        "decl": {
          "start": { "line": 102, "column": 15 },
          "end": { "line": 102, "column": 36 }
        },
        "loc": {
          "start": { "line": 102, "column": 41 },
          "end": { "line": 111, "column": 1 }
        },
        "line": 102
      },
      "7": {
        "name": "formatAppointmentsArray",
        "decl": {
          "start": { "line": 113, "column": 15 },
          "end": { "line": 113, "column": 38 }
        },
        "loc": {
          "start": { "line": 113, "column": 71 },
          "end": { "line": 123, "column": 1 }
        },
        "line": 113
      },
      "8": {
        "name": "(anonymous_8)",
        "decl": {
          "start": { "line": 117, "column": 23 },
          "end": { "line": 117, "column": 24 }
        },
        "loc": {
          "start": { "line": 117, "column": 46 },
          "end": { "line": 119, "column": 7 }
        },
        "line": 117
      },
      "9": {
        "name": "formatAppointment",
        "decl": {
          "start": { "line": 125, "column": 15 },
          "end": { "line": 125, "column": 32 }
        },
        "loc": {
          "start": { "line": 125, "column": 56 },
          "end": { "line": 154, "column": 1 }
        },
        "line": 125
      }
    },
    "branchMap": {
      "0": {
        "loc": {
          "start": { "line": 15, "column": 31 },
          "end": { "line": 15, "column": 44 }
        },
        "type": "default-arg",
        "locations": [
          {
            "start": { "line": 15, "column": 40 },
            "end": { "line": 15, "column": 44 }
          }
        ],
        "line": 15
      },
      "1": {
        "loc": {
          "start": { "line": 21, "column": 4 },
          "end": { "line": 23, "column": 5 }
        },
        "type": "if",
        "locations": [
          {
            "start": { "line": 21, "column": 4 },
            "end": { "line": 23, "column": 5 }
          },
          { "start": {}, "end": {} }
        ],
        "line": 21
      },
      "2": {
        "loc": {
          "start": { "line": 32, "column": 38 },
          "end": { "line": 32, "column": 51 }
        },
        "type": "default-arg",
        "locations": [
          {
            "start": { "line": 32, "column": 47 },
            "end": { "line": 32, "column": 51 }
          }
        ],
        "line": 32
      },
      "3": {
        "loc": {
          "start": { "line": 38, "column": 4 },
          "end": { "line": 39, "column": 69 }
        },
        "type": "if",
        "locations": [
          {
            "start": { "line": 38, "column": 4 },
            "end": { "line": 39, "column": 69 }
          },
          { "start": {}, "end": {} }
        ],
        "line": 38
      },
      "4": {
        "loc": {
          "start": { "line": 113, "column": 53 },
          "end": { "line": 113, "column": 69 }
        },
        "type": "default-arg",
        "locations": [
          {
            "start": { "line": 113, "column": 64 },
            "end": { "line": 113, "column": 69 }
          }
        ],
        "line": 113
      },
      "5": {
        "loc": {
          "start": { "line": 115, "column": 2 },
          "end": { "line": 121, "column": 3 }
        },
        "type": "if",
        "locations": [
          {
            "start": { "line": 115, "column": 2 },
            "end": { "line": 121, "column": 3 }
          },
          { "start": {}, "end": {} }
        ],
        "line": 115
      },
      "6": {
        "loc": {
          "start": { "line": 126, "column": 2 },
          "end": { "line": 153, "column": 3 }
        },
        "type": "if",
        "locations": [
          {
            "start": { "line": 126, "column": 2 },
            "end": { "line": 153, "column": 3 }
          },
          { "start": {}, "end": {} }
        ],
        "line": 126
      },
      "7": {
        "loc": {
          "start": { "line": 138, "column": 4 },
          "end": { "line": 150, "column": 11 }
        },
        "type": "if",
        "locations": [
          {
            "start": { "line": 138, "column": 4 },
            "end": { "line": 150, "column": 11 }
          },
          {
            "start": { "line": 144, "column": 6 },
            "end": { "line": 150, "column": 11 }
          }
        ],
        "line": 138
      }
    },
    "s": {
      "0": 6,
      "1": 6,
      "2": 6,
      "3": 6,
      "4": 6,
      "5": 6,
      "6": 6,
      "7": 1,
      "8": 1,
      "9": 10,
      "10": 10,
      "11": 10,
      "12": 10,
      "13": 10,
      "14": 4,
      "15": 8,
      "16": 2,
      "17": 2,
      "18": 6,
      "19": 6,
      "20": 6,
      "21": 6,
      "22": 5,
      "23": 4,
      "24": 5,
      "25": 1,
      "26": 1,
      "27": 1,
      "28": 1,
      "29": 1,
      "30": 1,
      "31": 1,
      "32": 11,
      "33": 11,
      "34": 11,
      "35": 11,
      "36": 11,
      "37": 1,
      "38": 1,
      "39": 1,
      "40": 10,
      "41": 10,
      "42": 5,
      "43": 5,
      "44": 5,
      "45": 5,
      "46": 4,
      "47": 4,
      "48": 1,
      "49": 1,
      "50": 3,
      "51": 3,
      "52": 3,
      "53": 3,
      "54": 1,
      "55": 1,
      "56": 5,
      "57": 5,
      "58": 4,
      "59": 13,
      "60": 3,
      "61": 22,
      "62": 16,
      "63": 16,
      "64": 16,
      "65": 16,
      "66": 16,
      "67": 15,
      "68": 15,
      "69": 15,
      "70": 3,
      "71": 12,
      "72": 15,
      "73": 6,
      "74": 6,
      "75": 6,
      "76": 6,
      "77": 6,
      "78": 6,
      "79": 6
    },
    "f": {
      "0": 1,
      "1": 10,
      "2": 6,
      "3": 1,
      "4": 11,
      "5": 5,
      "6": 3,
      "7": 5,
      "8": 13,
      "9": 22
    },
    "b": {
      "0": [4],
      "1": [4, 6],
      "2": [5],
      "3": [4, 1],
      "4": [4],
      "5": [4, 0],
      "6": [16, 6],
      "7": [3, 12]
    },
    "_coverageSchema": "1a1c01bbd47fc00a2c39e90264f33305004495a9",
    "hash": "124b07800abdf55a66484f912038db6f06592769"
  },
  "C:\\Users\\arung\\Downloads\\CSC308\\dog_project\\BE-scheduling\\DB-Modules\\Services\\client-services.js": {
    "path": "C:\\Users\\arung\\Downloads\\CSC308\\dog_project\\BE-scheduling\\DB-Modules\\Services\\client-services.js",
    "statementMap": {
      "0": {
        "start": { "line": 1, "column": 21 },
        "end": { "line": 1, "column": 48 }
      },
      "1": {
        "start": { "line": 2, "column": 21 },
        "end": { "line": 2, "column": 47 }
      },
      "2": {
        "start": { "line": 3, "column": 28 },
        "end": { "line": 3, "column": 61 }
      },
      "3": {
        "start": { "line": 4, "column": 20 },
        "end": { "line": 4, "column": 45 }
      },
      "4": {
        "start": { "line": 8, "column": 2 },
        "end": { "line": 8, "column": 22 }
      },
      "5": {
        "start": { "line": 9, "column": 2 },
        "end": { "line": 9, "column": 13 }
      },
      "6": {
        "start": { "line": 13, "column": 2 },
        "end": { "line": 13, "column": 42 }
      },
      "7": {
        "start": { "line": 14, "column": 22 },
        "end": { "line": 14, "column": 55 }
      },
      "8": {
        "start": { "line": 15, "column": 22 },
        "end": { "line": 15, "column": 53 }
      },
      "9": {
        "start": { "line": 16, "column": 2 },
        "end": { "line": 18, "column": 3 }
      },
      "10": {
        "start": { "line": 17, "column": 4 },
        "end": { "line": 17, "column": 60 }
      },
      "11": {
        "start": { "line": 20, "column": 2 },
        "end": { "line": 20, "column": 23 }
      },
      "12": {
        "start": { "line": 24, "column": 2 },
        "end": { "line": 24, "column": 42 }
      },
      "13": {
        "start": { "line": 25, "column": 22 },
        "end": { "line": 25, "column": 55 }
      },
      "14": {
        "start": { "line": 26, "column": 2 },
        "end": { "line": 35, "column": 3 }
      },
      "15": {
        "start": { "line": 27, "column": 17 },
        "end": { "line": 27, "column": 54 }
      },
      "16": {
        "start": { "line": 29, "column": 4 },
        "end": { "line": 29, "column": 64 }
      },
      "17": {
        "start": { "line": 29, "column": 28 },
        "end": { "line": 29, "column": 64 }
      },
      "18": {
        "start": { "line": 31, "column": 4 },
        "end": { "line": 31, "column": 18 }
      },
      "19": {
        "start": { "line": 33, "column": 4 },
        "end": { "line": 33, "column": 23 }
      },
      "20": {
        "start": { "line": 34, "column": 4 },
        "end": { "line": 34, "column": 17 }
      },
      "21": {
        "start": { "line": 39, "column": 2 },
        "end": { "line": 39, "column": 42 }
      },
      "22": {
        "start": { "line": 40, "column": 22 },
        "end": { "line": 40, "column": 55 }
      },
      "23": {
        "start": { "line": 41, "column": 2 },
        "end": { "line": 52, "column": 3 }
      },
      "24": {
        "start": { "line": 42, "column": 24 },
        "end": { "line": 42, "column": 47 }
      },
      "25": {
        "start": { "line": 43, "column": 22 },
        "end": { "line": 43, "column": 46 }
      },
      "26": {
        "start": { "line": 45, "column": 4 },
        "end": { "line": 45, "column": 31 }
      },
      "27": {
        "start": { "line": 46, "column": 4 },
        "end": { "line": 46, "column": 33 }
      },
      "28": {
        "start": { "line": 48, "column": 4 },
        "end": { "line": 48, "column": 18 }
      },
      "29": {
        "start": { "line": 50, "column": 4 },
        "end": { "line": 50, "column": 23 }
      },
      "30": {
        "start": { "line": 51, "column": 4 },
        "end": { "line": 51, "column": 17 }
      },
      "31": {
        "start": { "line": 56, "column": 2 },
        "end": { "line": 56, "column": 42 }
      },
      "32": {
        "start": { "line": 57, "column": 22 },
        "end": { "line": 57, "column": 55 }
      },
      "33": {
        "start": { "line": 58, "column": 2 },
        "end": { "line": 76, "column": 3 }
      },
      "34": {
        "start": { "line": 59, "column": 24 },
        "end": { "line": 70, "column": 13 }
      },
      "35": {
        "start": { "line": 71, "column": 4 },
        "end": { "line": 71, "column": 38 }
      },
      "36": {
        "start": { "line": 72, "column": 4 },
        "end": { "line": 72, "column": 25 }
      },
      "37": {
        "start": { "line": 74, "column": 4 },
        "end": { "line": 74, "column": 23 }
      },
      "38": {
        "start": { "line": 75, "column": 4 },
        "end": { "line": 75, "column": 17 }
      },
      "39": {
        "start": { "line": 80, "column": 2 },
        "end": { "line": 80, "column": 42 }
      },
      "40": {
        "start": { "line": 81, "column": 22 },
        "end": { "line": 81, "column": 55 }
      },
      "41": {
        "start": { "line": 82, "column": 2 },
        "end": { "line": 104, "column": 3 }
      },
      "42": {
        "start": { "line": 84, "column": 33 },
        "end": { "line": 86, "column": 5 }
      },
      "43": {
        "start": { "line": 87, "column": 4 },
        "end": { "line": 91, "column": 7 }
      },
      "44": {
        "start": { "line": 88, "column": 6 },
        "end": { "line": 90, "column": 7 }
      },
      "45": {
        "start": { "line": 89, "column": 8 },
        "end": { "line": 89, "column": 73 }
      },
      "46": {
        "start": { "line": 93, "column": 25 },
        "end": { "line": 93, "column": 57 }
      },
      "47": {
        "start": { "line": 94, "column": 4 },
        "end": { "line": 98, "column": 7 }
      },
      "48": {
        "start": { "line": 95, "column": 6 },
        "end": { "line": 97, "column": 7 }
      },
      "49": {
        "start": { "line": 96, "column": 8 },
        "end": { "line": 96, "column": 49 }
      },
      "50": {
        "start": { "line": 100, "column": 4 },
        "end": { "line": 100, "column": 51 }
      },
      "51": {
        "start": { "line": 102, "column": 4 },
        "end": { "line": 102, "column": 23 }
      },
      "52": {
        "start": { "line": 103, "column": 4 },
        "end": { "line": 103, "column": 17 }
      },
      "53": {
        "start": { "line": 108, "column": 20 },
        "end": { "line": 108, "column": 22 }
      },
      "54": {
        "start": { "line": 109, "column": 2 },
        "end": { "line": 115, "column": 3 }
      },
      "55": {
        "start": { "line": 110, "column": 4 },
        "end": { "line": 114, "column": 6 }
      },
      "56": {
        "start": { "line": 112, "column": 8 },
        "end": { "line": 112, "column": 36 }
      },
      "57": {
        "start": { "line": 116, "column": 2 },
        "end": { "line": 116, "column": 21 }
      },
      "58": {
        "start": { "line": 120, "column": 2 },
        "end": { "line": 125, "column": 3 }
      },
      "59": {
        "start": { "line": 121, "column": 4 },
        "end": { "line": 121, "column": 66 }
      },
      "60": {
        "start": { "line": 122, "column": 4 },
        "end": { "line": 122, "column": 28 }
      },
      "61": {
        "start": { "line": 123, "column": 4 },
        "end": { "line": 123, "column": 27 }
      },
      "62": {
        "start": { "line": 124, "column": 4 },
        "end": { "line": 124, "column": 18 }
      },
      "63": {
        "start": { "line": 128, "column": 0 },
        "end": { "line": 128, "column": 38 }
      },
      "64": {
        "start": { "line": 129, "column": 0 },
        "end": { "line": 129, "column": 32 }
      },
      "65": {
        "start": { "line": 130, "column": 0 },
        "end": { "line": 130, "column": 38 }
      },
      "66": {
        "start": { "line": 131, "column": 0 },
        "end": { "line": 131, "column": 30 }
      },
      "67": {
        "start": { "line": 132, "column": 0 },
        "end": { "line": 132, "column": 36 }
      },
      "68": {
        "start": { "line": 133, "column": 0 },
        "end": { "line": 133, "column": 44 }
      }
    },
    "fnMap": {
      "0": {
        "name": "setConnection",
        "decl": {
          "start": { "line": 7, "column": 9 },
          "end": { "line": 7, "column": 22 }
        },
        "loc": {
          "start": { "line": 7, "column": 38 },
          "end": { "line": 10, "column": 1 }
        },
        "line": 7
      },
      "1": {
        "name": "getClients",
        "decl": {
          "start": { "line": 12, "column": 15 },
          "end": { "line": 12, "column": 25 }
        },
        "loc": {
          "start": { "line": 12, "column": 41 },
          "end": { "line": 21, "column": 1 }
        },
        "line": 12
      },
      "2": {
        "name": "getClientById",
        "decl": {
          "start": { "line": 23, "column": 15 },
          "end": { "line": 23, "column": 28 }
        },
        "loc": {
          "start": { "line": 23, "column": 48 },
          "end": { "line": 36, "column": 1 }
        },
        "line": 23
      },
      "3": {
        "name": "addClient",
        "decl": {
          "start": { "line": 38, "column": 15 },
          "end": { "line": 38, "column": 24 }
        },
        "loc": {
          "start": { "line": 38, "column": 33 },
          "end": { "line": 53, "column": 1 }
        },
        "line": 38
      },
      "4": {
        "name": "updateClient",
        "decl": {
          "start": { "line": 55, "column": 15 },
          "end": { "line": 55, "column": 27 }
        },
        "loc": {
          "start": { "line": 55, "column": 36 },
          "end": { "line": 77, "column": 1 }
        },
        "line": 55
      },
      "5": {
        "name": "deleteClientById",
        "decl": {
          "start": { "line": 79, "column": 15 },
          "end": { "line": 79, "column": 31 }
        },
        "loc": {
          "start": { "line": 79, "column": 36 },
          "end": { "line": 105, "column": 1 }
        },
        "line": 79
      },
      "6": {
        "name": "(anonymous_6)",
        "decl": {
          "start": { "line": 87, "column": 35 },
          "end": { "line": 87, "column": 36 }
        },
        "loc": {
          "start": { "line": 87, "column": 58 },
          "end": { "line": 91, "column": 5 }
        },
        "line": 87
      },
      "7": {
        "name": "(anonymous_7)",
        "decl": {
          "start": { "line": 94, "column": 27 },
          "end": { "line": 94, "column": 28 }
        },
        "loc": {
          "start": { "line": 94, "column": 42 },
          "end": { "line": 98, "column": 5 }
        },
        "line": 94
      },
      "8": {
        "name": "formatClientsArray",
        "decl": {
          "start": { "line": 107, "column": 15 },
          "end": { "line": 107, "column": 33 }
        },
        "loc": {
          "start": { "line": 107, "column": 43 },
          "end": { "line": 117, "column": 1 }
        },
        "line": 107
      },
      "9": {
        "name": "(anonymous_9)",
        "decl": {
          "start": { "line": 111, "column": 18 },
          "end": { "line": 111, "column": 19 }
        },
        "loc": {
          "start": { "line": 111, "column": 36 },
          "end": { "line": 113, "column": 7 }
        },
        "line": 111
      },
      "10": {
        "name": "formatClient",
        "decl": {
          "start": { "line": 119, "column": 15 },
          "end": { "line": 119, "column": 27 }
        },
        "loc": {
          "start": { "line": 119, "column": 36 },
          "end": { "line": 126, "column": 1 }
        },
        "line": 119
      }
    },
    "branchMap": {
      "0": {
        "loc": {
          "start": { "line": 12, "column": 26 },
          "end": { "line": 12, "column": 39 }
        },
        "type": "default-arg",
        "locations": [
          {
            "start": { "line": 12, "column": 35 },
            "end": { "line": 12, "column": 39 }
          }
        ],
        "line": 12
      },
      "1": {
        "loc": {
          "start": { "line": 16, "column": 2 },
          "end": { "line": 18, "column": 3 }
        },
        "type": "if",
        "locations": [
          {
            "start": { "line": 16, "column": 2 },
            "end": { "line": 18, "column": 3 }
          },
          { "start": {}, "end": {} }
        ],
        "line": 16
      },
      "2": {
        "loc": {
          "start": { "line": 23, "column": 33 },
          "end": { "line": 23, "column": 46 }
        },
        "type": "default-arg",
        "locations": [
          {
            "start": { "line": 23, "column": 42 },
            "end": { "line": 23, "column": 46 }
          }
        ],
        "line": 23
      },
      "3": {
        "loc": {
          "start": { "line": 29, "column": 4 },
          "end": { "line": 29, "column": 64 }
        },
        "type": "if",
        "locations": [
          {
            "start": { "line": 29, "column": 4 },
            "end": { "line": 29, "column": 64 }
          },
          { "start": {}, "end": {} }
        ],
        "line": 29
      },
      "4": {
        "loc": {
          "start": { "line": 88, "column": 6 },
          "end": { "line": 90, "column": 7 }
        },
        "type": "if",
        "locations": [
          {
            "start": { "line": 88, "column": 6 },
            "end": { "line": 90, "column": 7 }
          },
          { "start": {}, "end": {} }
        ],
        "line": 88
      },
      "5": {
        "loc": {
          "start": { "line": 95, "column": 6 },
          "end": { "line": 97, "column": 7 }
        },
        "type": "if",
        "locations": [
          {
            "start": { "line": 95, "column": 6 },
            "end": { "line": 97, "column": 7 }
          },
          { "start": {}, "end": {} }
        ],
        "line": 95
      },
      "6": {
        "loc": {
          "start": { "line": 109, "column": 2 },
          "end": { "line": 115, "column": 3 }
        },
        "type": "if",
        "locations": [
          {
            "start": { "line": 109, "column": 2 },
            "end": { "line": 115, "column": 3 }
          },
          { "start": {}, "end": {} }
        ],
        "line": 109
      },
      "7": {
        "loc": {
          "start": { "line": 120, "column": 2 },
          "end": { "line": 125, "column": 3 }
        },
        "type": "if",
        "locations": [
          {
            "start": { "line": 120, "column": 2 },
            "end": { "line": 125, "column": 3 }
          },
          { "start": {}, "end": {} }
        ],
        "line": 120
      }
    },
    "s": {
      "0": 6,
      "1": 6,
      "2": 6,
      "3": 6,
      "4": 3,
      "5": 3,
      "6": 21,
      "7": 21,
      "8": 21,
      "9": 21,
      "10": 21,
      "11": 21,
      "12": 84,
      "13": 84,
      "14": 84,
      "15": 84,
      "16": 83,
      "17": 83,
      "18": 83,
      "19": 1,
      "20": 1,
      "21": 10,
      "22": 10,
      "23": 10,
      "24": 10,
      "25": 10,
      "26": 2,
      "27": 2,
      "28": 2,
      "29": 8,
      "30": 8,
      "31": 5,
      "32": 5,
      "33": 5,
      "34": 5,
      "35": 4,
      "36": 4,
      "37": 1,
      "38": 1,
      "39": 3,
      "40": 3,
      "41": 3,
      "42": 3,
      "43": 3,
      "44": 9,
      "45": 0,
      "46": 3,
      "47": 3,
      "48": 6,
      "49": 0,
      "50": 3,
      "51": 1,
      "52": 1,
      "53": 21,
      "54": 21,
      "55": 21,
      "56": 65,
      "57": 21,
      "58": 154,
      "59": 146,
      "60": 146,
      "61": 146,
      "62": 146,
      "63": 6,
      "64": 6,
      "65": 6,
      "66": 6,
      "67": 6,
      "68": 6
    },
    "f": {
      "0": 3,
      "1": 21,
      "2": 84,
      "3": 10,
      "4": 5,
      "5": 3,
      "6": 9,
      "7": 6,
      "8": 21,
      "9": 65,
      "10": 154
    },
    "b": {
      "0": [21],
      "1": [21, 0],
      "2": [84],
      "3": [83, 0],
      "4": [0, 9],
      "5": [0, 6],
      "6": [21, 0],
      "7": [146, 8]
    },
    "_coverageSchema": "1a1c01bbd47fc00a2c39e90264f33305004495a9",
    "hash": "2609b44101eb0a0aeb668e932e7f16136a4958be"
  },
  "C:\\Users\\arung\\Downloads\\CSC308\\dog_project\\BE-scheduling\\DB-Modules\\Services\\dog-services.js": {
    "path": "C:\\Users\\arung\\Downloads\\CSC308\\dog_project\\BE-scheduling\\DB-Modules\\Services\\dog-services.js",
    "statementMap": {
      "0": {
        "start": { "line": 1, "column": 18 },
        "end": { "line": 1, "column": 42 }
      },
      "1": {
        "start": { "line": 2, "column": 21 },
        "end": { "line": 2, "column": 47 }
      },
      "2": {
        "start": { "line": 3, "column": 28 },
        "end": { "line": 3, "column": 61 }
      },
      "3": {
        "start": { "line": 4, "column": 23 },
        "end": { "line": 4, "column": 51 }
      },
      "4": {
        "start": { "line": 5, "column": 12 },
        "end": { "line": 5, "column": 43 }
      },
      "5": {
        "start": { "line": 9, "column": 2 },
        "end": { "line": 9, "column": 22 }
      },
      "6": {
        "start": { "line": 10, "column": 2 },
        "end": { "line": 10, "column": 13 }
      },
      "7": {
        "start": { "line": 14, "column": 2 },
        "end": { "line": 14, "column": 42 }
      },
      "8": {
        "start": { "line": 15, "column": 19 },
        "end": { "line": 15, "column": 46 }
      },
      "9": {
        "start": { "line": 16, "column": 2 },
        "end": { "line": 25, "column": 3 }
      },
      "10": {
        "start": { "line": 17, "column": 21 },
        "end": { "line": 17, "column": 49 }
      },
      "11": {
        "start": { "line": 18, "column": 4 },
        "end": { "line": 20, "column": 5 }
      },
      "12": {
        "start": { "line": 19, "column": 6 },
        "end": { "line": 19, "column": 48 }
      },
      "13": {
        "start": { "line": 21, "column": 4 },
        "end": { "line": 21, "column": 22 }
      },
      "14": {
        "start": { "line": 23, "column": 4 },
        "end": { "line": 23, "column": 23 }
      },
      "15": {
        "start": { "line": 24, "column": 4 },
        "end": { "line": 24, "column": 17 }
      },
      "16": {
        "start": { "line": 29, "column": 2 },
        "end": { "line": 29, "column": 42 }
      },
      "17": {
        "start": { "line": 30, "column": 19 },
        "end": { "line": 30, "column": 46 }
      },
      "18": {
        "start": { "line": 31, "column": 2 },
        "end": { "line": 40, "column": 3 }
      },
      "19": {
        "start": { "line": 32, "column": 17 },
        "end": { "line": 32, "column": 51 }
      },
      "20": {
        "start": { "line": 34, "column": 4 },
        "end": { "line": 34, "column": 61 }
      },
      "21": {
        "start": { "line": 34, "column": 28 },
        "end": { "line": 34, "column": 61 }
      },
      "22": {
        "start": { "line": 36, "column": 4 },
        "end": { "line": 36, "column": 18 }
      },
      "23": {
        "start": { "line": 38, "column": 4 },
        "end": { "line": 38, "column": 23 }
      },
      "24": {
        "start": { "line": 39, "column": 4 },
        "end": { "line": 39, "column": 17 }
      },
      "25": {
        "start": { "line": 44, "column": 2 },
        "end": { "line": 44, "column": 42 }
      },
      "26": {
        "start": { "line": 45, "column": 19 },
        "end": { "line": 45, "column": 46 }
      },
      "27": {
        "start": { "line": 46, "column": 2 },
        "end": { "line": 57, "column": 3 }
      },
      "28": {
        "start": { "line": 47, "column": 21 },
        "end": { "line": 47, "column": 38 }
      },
      "29": {
        "start": { "line": 48, "column": 19 },
        "end": { "line": 48, "column": 40 }
      },
      "30": {
        "start": { "line": 50, "column": 4 },
        "end": { "line": 50, "column": 25 }
      },
      "31": {
        "start": { "line": 51, "column": 4 },
        "end": { "line": 51, "column": 27 }
      },
      "32": {
        "start": { "line": 53, "column": 4 },
        "end": { "line": 53, "column": 15 }
      },
      "33": {
        "start": { "line": 55, "column": 4 },
        "end": { "line": 55, "column": 23 }
      },
      "34": {
        "start": { "line": 56, "column": 4 },
        "end": { "line": 56, "column": 17 }
      },
      "35": {
        "start": { "line": 61, "column": 2 },
        "end": { "line": 61, "column": 42 }
      },
      "36": {
        "start": { "line": 62, "column": 19 },
        "end": { "line": 62, "column": 46 }
      },
      "37": {
        "start": { "line": 63, "column": 2 },
        "end": { "line": 80, "column": 3 }
      },
      "38": {
        "start": { "line": 64, "column": 21 },
        "end": { "line": 74, "column": 13 }
      },
      "39": {
        "start": { "line": 75, "column": 4 },
        "end": { "line": 75, "column": 32 }
      },
      "40": {
        "start": { "line": 76, "column": 4 },
        "end": { "line": 76, "column": 22 }
      },
      "41": {
        "start": { "line": 78, "column": 4 },
        "end": { "line": 78, "column": 23 }
      },
      "42": {
        "start": { "line": 79, "column": 4 },
        "end": { "line": 79, "column": 17 }
      },
      "43": {
        "start": { "line": 84, "column": 2 },
        "end": { "line": 84, "column": 42 }
      },
      "44": {
        "start": { "line": 85, "column": 19 },
        "end": { "line": 85, "column": 46 }
      },
      "45": {
        "start": { "line": 86, "column": 2 },
        "end": { "line": 100, "column": 3 }
      },
      "46": {
        "start": { "line": 88, "column": 33 },
        "end": { "line": 90, "column": 5 }
      },
      "47": {
        "start": { "line": 91, "column": 4 },
        "end": { "line": 95, "column": 7 }
      },
      "48": {
        "start": { "line": 92, "column": 6 },
        "end": { "line": 94, "column": 7 }
      },
      "49": {
        "start": { "line": 93, "column": 8 },
        "end": { "line": 93, "column": 73 }
      },
      "50": {
        "start": { "line": 96, "column": 4 },
        "end": { "line": 96, "column": 48 }
      },
      "51": {
        "start": { "line": 98, "column": 4 },
        "end": { "line": 98, "column": 23 }
      },
      "52": {
        "start": { "line": 99, "column": 4 },
        "end": { "line": 99, "column": 17 }
      },
      "53": {
        "start": { "line": 104, "column": 17 },
        "end": { "line": 104, "column": 19 }
      },
      "54": {
        "start": { "line": 105, "column": 2 },
        "end": { "line": 111, "column": 3 }
      },
      "55": {
        "start": { "line": 106, "column": 4 },
        "end": { "line": 110, "column": 6 }
      },
      "56": {
        "start": { "line": 108, "column": 8 },
        "end": { "line": 108, "column": 30 }
      },
      "57": {
        "start": { "line": 112, "column": 2 },
        "end": { "line": 112, "column": 18 }
      },
      "58": {
        "start": { "line": 116, "column": 2 },
        "end": { "line": 121, "column": 3 }
      },
      "59": {
        "start": { "line": 117, "column": 17 },
        "end": { "line": 117, "column": 65 }
      },
      "60": {
        "start": { "line": 118, "column": 4 },
        "end": { "line": 118, "column": 24 }
      },
      "61": {
        "start": { "line": 119, "column": 4 },
        "end": { "line": 119, "column": 40 }
      },
      "62": {
        "start": { "line": 120, "column": 4 },
        "end": { "line": 120, "column": 15 }
      },
      "63": {
        "start": { "line": 124, "column": 0 },
        "end": { "line": 124, "column": 38 }
      },
      "64": {
        "start": { "line": 125, "column": 0 },
        "end": { "line": 125, "column": 26 }
      },
      "65": {
        "start": { "line": 126, "column": 0 },
        "end": { "line": 126, "column": 32 }
      },
      "66": {
        "start": { "line": 127, "column": 0 },
        "end": { "line": 127, "column": 24 }
      },
      "67": {
        "start": { "line": 128, "column": 0 },
        "end": { "line": 128, "column": 30 }
      },
      "68": {
        "start": { "line": 129, "column": 0 },
        "end": { "line": 129, "column": 38 }
      }
    },
    "fnMap": {
      "0": {
        "name": "setConnection",
        "decl": {
          "start": { "line": 8, "column": 9 },
          "end": { "line": 8, "column": 22 }
        },
        "loc": {
          "start": { "line": 8, "column": 38 },
          "end": { "line": 11, "column": 1 }
        },
        "line": 8
      },
      "1": {
        "name": "getDogs",
        "decl": {
          "start": { "line": 13, "column": 15 },
          "end": { "line": 13, "column": 22 }
        },
        "loc": {
          "start": { "line": 13, "column": 38 },
          "end": { "line": 26, "column": 1 }
        },
        "line": 13
      },
      "2": {
        "name": "getDogById",
        "decl": {
          "start": { "line": 28, "column": 15 },
          "end": { "line": 28, "column": 25 }
        },
        "loc": {
          "start": { "line": 28, "column": 45 },
          "end": { "line": 41, "column": 1 }
        },
        "line": 28
      },
      "3": {
        "name": "addDog",
        "decl": {
          "start": { "line": 43, "column": 15 },
          "end": { "line": 43, "column": 21 }
        },
        "loc": {
          "start": { "line": 43, "column": 27 },
          "end": { "line": 58, "column": 1 }
        },
        "line": 43
      },
      "4": {
        "name": "updateDog",
        "decl": {
          "start": { "line": 60, "column": 15 },
          "end": { "line": 60, "column": 24 }
        },
        "loc": {
          "start": { "line": 60, "column": 30 },
          "end": { "line": 81, "column": 1 }
        },
        "line": 60
      },
      "5": {
        "name": "deleteDogById",
        "decl": {
          "start": { "line": 83, "column": 15 },
          "end": { "line": 83, "column": 28 }
        },
        "loc": {
          "start": { "line": 83, "column": 33 },
          "end": { "line": 101, "column": 1 }
        },
        "line": 83
      },
      "6": {
        "name": "(anonymous_6)",
        "decl": {
          "start": { "line": 91, "column": 35 },
          "end": { "line": 91, "column": 36 }
        },
        "loc": {
          "start": { "line": 91, "column": 58 },
          "end": { "line": 95, "column": 5 }
        },
        "line": 91
      },
      "7": {
        "name": "formatDogs",
        "decl": {
          "start": { "line": 103, "column": 15 },
          "end": { "line": 103, "column": 25 }
        },
        "loc": {
          "start": { "line": 103, "column": 32 },
          "end": { "line": 113, "column": 1 }
        },
        "line": 103
      },
      "8": {
        "name": "(anonymous_8)",
        "decl": {
          "start": { "line": 107, "column": 15 },
          "end": { "line": 107, "column": 16 }
        },
        "loc": {
          "start": { "line": 107, "column": 30 },
          "end": { "line": 109, "column": 7 }
        },
        "line": 107
      },
      "9": {
        "name": "formatDog",
        "decl": {
          "start": { "line": 115, "column": 15 },
          "end": { "line": 115, "column": 24 }
        },
        "loc": {
          "start": { "line": 115, "column": 30 },
          "end": { "line": 122, "column": 1 }
        },
        "line": 115
      }
    },
    "branchMap": {
      "0": {
        "loc": {
          "start": { "line": 13, "column": 23 },
          "end": { "line": 13, "column": 36 }
        },
        "type": "default-arg",
        "locations": [
          {
            "start": { "line": 13, "column": 32 },
            "end": { "line": 13, "column": 36 }
          }
        ],
        "line": 13
      },
      "1": {
        "loc": {
          "start": { "line": 18, "column": 4 },
          "end": { "line": 20, "column": 5 }
        },
        "type": "if",
        "locations": [
          {
            "start": { "line": 18, "column": 4 },
            "end": { "line": 20, "column": 5 }
          },
          { "start": {}, "end": {} }
        ],
        "line": 18
      },
      "2": {
        "loc": {
          "start": { "line": 28, "column": 30 },
          "end": { "line": 28, "column": 43 }
        },
        "type": "default-arg",
        "locations": [
          {
            "start": { "line": 28, "column": 39 },
            "end": { "line": 28, "column": 43 }
          }
        ],
        "line": 28
      },
      "3": {
        "loc": {
          "start": { "line": 34, "column": 4 },
          "end": { "line": 34, "column": 61 }
        },
        "type": "if",
        "locations": [
          {
            "start": { "line": 34, "column": 4 },
            "end": { "line": 34, "column": 61 }
          },
          { "start": {}, "end": {} }
        ],
        "line": 34
      },
      "4": {
        "loc": {
          "start": { "line": 92, "column": 6 },
          "end": { "line": 94, "column": 7 }
        },
        "type": "if",
        "locations": [
          {
            "start": { "line": 92, "column": 6 },
            "end": { "line": 94, "column": 7 }
          },
          { "start": {}, "end": {} }
        ],
        "line": 92
      },
      "5": {
        "loc": {
          "start": { "line": 105, "column": 2 },
          "end": { "line": 111, "column": 3 }
        },
        "type": "if",
        "locations": [
          {
            "start": { "line": 105, "column": 2 },
            "end": { "line": 111, "column": 3 }
          },
          { "start": {}, "end": {} }
        ],
        "line": 105
      },
      "6": {
        "loc": {
          "start": { "line": 116, "column": 2 },
          "end": { "line": 121, "column": 3 }
        },
        "type": "if",
        "locations": [
          {
            "start": { "line": 116, "column": 2 },
            "end": { "line": 121, "column": 3 }
          },
          { "start": {}, "end": {} }
        ],
        "line": 116
      }
    },
    "s": {
      "0": 6,
      "1": 6,
      "2": 6,
      "3": 6,
      "4": 6,
      "5": 2,
      "6": 2,
      "7": 18,
      "8": 18,
      "9": 18,
      "10": 18,
      "11": 18,
      "12": 15,
      "13": 17,
      "14": 1,
      "15": 1,
      "16": 20,
      "17": 20,
      "18": 20,
      "19": 20,
      "20": 19,
      "21": 19,
      "22": 19,
      "23": 1,
      "24": 1,
      "25": 7,
      "26": 7,
      "27": 7,
      "28": 7,
      "29": 7,
      "30": 1,
      "31": 1,
      "32": 1,
      "33": 6,
      "34": 6,
      "35": 5,
      "36": 5,
      "37": 5,
      "38": 5,
      "39": 4,
      "40": 4,
      "41": 1,
      "42": 1,
      "43": 3,
      "44": 3,
      "45": 3,
      "46": 3,
      "47": 3,
      "48": 9,
      "49": 0,
      "50": 3,
      "51": 1,
      "52": 1,
      "53": 15,
      "54": 15,
      "55": 15,
      "56": 46,
      "57": 14,
      "58": 70,
      "59": 63,
      "60": 63,
      "61": 63,
      "62": 62,
      "63": 6,
      "64": 6,
      "65": 6,
      "66": 6,
      "67": 6,
      "68": 6
    },
    "f": {
      "0": 2,
      "1": 18,
      "2": 20,
      "3": 7,
      "4": 5,
      "5": 3,
      "6": 9,
      "7": 15,
      "8": 46,
      "9": 70
    },
    "b": {
      "0": [15],
      "1": [15, 3],
      "2": [20],
      "3": [19, 0],
      "4": [0, 9],
      "5": [15, 0],
      "6": [63, 7]
    },
    "_coverageSchema": "1a1c01bbd47fc00a2c39e90264f33305004495a9",
    "hash": "e14033c366b25a1b2929cc408c82e102ff72a1d1"
  }
}
