{"C:\\Users\\PhilippeWS\\Documents\\Calpoly School Work\\Winter Quarter 2022\\CPE-308\\Scheduling\\be-scheduling\\DB-Modules\\dbConnection.js": {"path":"C:\\Users\\PhilippeWS\\Documents\\Calpoly School Work\\Winter Quarter 2022\\CPE-308\\Scheduling\\be-scheduling\\DB-Modules\\dbConnection.js","statementMap":{"0":{"start":{"line":1,"column":17},"end":{"line":1,"column":36}},"1":{"start":{"line":2,"column":15},"end":{"line":2,"column":32}},"2":{"start":{"line":3,"column":0},"end":{"line":3,"column":16}},"3":{"start":{"line":18,"column":4},"end":{"line":18,"column":23}},"4":{"start":{"line":19,"column":4},"end":{"line":24,"column":5}},"5":{"start":{"line":20,"column":6},"end":{"line":23,"column":9}},"6":{"start":{"line":25,"column":4},"end":{"line":25,"column":24}},"7":{"start":{"line":28,"column":2},"end":{"line":28,"column":44}}},"fnMap":{"0":{"name":"getDbConnection","decl":{"start":{"line":17,"column":11},"end":{"line":17,"column":26}},"loc":{"start":{"line":17,"column":32},"end":{"line":26,"column":3}},"line":17}},"branchMap":{"0":{"loc":{"start":{"line":19,"column":4},"end":{"line":24,"column":5}},"type":"if","locations":[{"start":{"line":19,"column":4},"end":{"line":24,"column":5}},{"start":{},"end":{}}],"line":19}},"s":{"0":3,"1":3,"2":3,"3":174,"4":174,"5":0,"6":174,"7":3},"f":{"0":174},"b":{"0":[0,174]},"_coverageSchema":"1a1c01bbd47fc00a2c39e90264f33305004495a9","hash":"e6c33668d6e0bf3ca5acf911b2033d50726f587e"}
,"C:\\Users\\PhilippeWS\\Documents\\Calpoly School Work\\Winter Quarter 2022\\CPE-308\\Scheduling\\be-scheduling\\DB-Modules\\Models\\appointment.js": {"path":"C:\\Users\\PhilippeWS\\Documents\\Calpoly School Work\\Winter Quarter 2022\\CPE-308\\Scheduling\\be-scheduling\\DB-Modules\\Models\\appointment.js","statementMap":{"0":{"start":{"line":1,"column":17},"end":{"line":1,"column":36}},"1":{"start":{"line":4,"column":26},"end":{"line":35,"column":47}},"2":{"start":{"line":37,"column":4},"end":{"line":37,"column":39}}},"fnMap":{},"branchMap":{},"s":{"0":1,"1":1,"2":1},"f":{},"b":{},"_coverageSchema":"1a1c01bbd47fc00a2c39e90264f33305004495a9","hash":"ad1c3a4e3c7297935cc701d61f2a6c297f0b249c"}
,"C:\\Users\\PhilippeWS\\Documents\\Calpoly School Work\\Winter Quarter 2022\\CPE-308\\Scheduling\\be-scheduling\\DB-Modules\\Models\\client.js": {"path":"C:\\Users\\PhilippeWS\\Documents\\Calpoly School Work\\Winter Quarter 2022\\CPE-308\\Scheduling\\be-scheduling\\DB-Modules\\Models\\client.js","statementMap":{"0":{"start":{"line":1,"column":17},"end":{"line":1,"column":36}},"1":{"start":{"line":3,"column":21},"end":{"line":22,"column":42}},"2":{"start":{"line":24,"column":4},"end":{"line":24,"column":34}}},"fnMap":{},"branchMap":{},"s":{"0":3,"1":3,"2":3},"f":{},"b":{},"_coverageSchema":"1a1c01bbd47fc00a2c39e90264f33305004495a9","hash":"2082c2e86c2442144d0bbdcfcc37b9fe4aab95b8"}
,"C:\\Users\\PhilippeWS\\Documents\\Calpoly School Work\\Winter Quarter 2022\\CPE-308\\Scheduling\\be-scheduling\\DB-Modules\\Models\\dog.js": {"path":"C:\\Users\\PhilippeWS\\Documents\\Calpoly School Work\\Winter Quarter 2022\\CPE-308\\Scheduling\\be-scheduling\\DB-Modules\\Models\\dog.js","statementMap":{"0":{"start":{"line":1,"column":17},"end":{"line":1,"column":36}},"1":{"start":{"line":3,"column":18},"end":{"line":18,"column":39}},"2":{"start":{"line":20,"column":4},"end":{"line":20,"column":31}}},"fnMap":{},"branchMap":{},"s":{"0":2,"1":2,"2":2},"f":{},"b":{},"_coverageSchema":"1a1c01bbd47fc00a2c39e90264f33305004495a9","hash":"b19dcb3c8bfbf3893a4d87dc0fd8bcf5f5da9f63"}
,"C:\\Users\\PhilippeWS\\Documents\\Calpoly School Work\\Winter Quarter 2022\\CPE-308\\Scheduling\\be-scheduling\\DB-Modules\\Services\\appointment-services.js": {"path":"C:\\Users\\PhilippeWS\\Documents\\Calpoly School Work\\Winter Quarter 2022\\CPE-308\\Scheduling\\be-scheduling\\DB-Modules\\Services\\appointment-services.js","statementMap":{"0":{"start":{"line":1,"column":12},"end":{"line":1,"column":43}},"1":{"start":{"line":2,"column":26},"end":{"line":2,"column":58}},"2":{"start":{"line":3,"column":23},"end":{"line":3,"column":51}},"3":{"start":{"line":4,"column":20},"end":{"line":4,"column":45}},"4":{"start":{"line":5,"column":21},"end":{"line":5,"column":47}},"5":{"start":{"line":6,"column":25},"end":{"line":6,"column":44}},"6":{"start":{"line":7,"column":28},"end":{"line":7,"column":47}},"7":{"start":{"line":11,"column":2},"end":{"line":11,"column":22}},"8":{"start":{"line":12,"column":2},"end":{"line":12,"column":13}},"9":{"start":{"line":16,"column":2},"end":{"line":16,"column":42}},"10":{"start":{"line":17,"column":27},"end":{"line":17,"column":70}},"11":{"start":{"line":18,"column":2},"end":{"line":24,"column":3}},"12":{"start":{"line":19,"column":30},"end":{"line":19,"column":97}},"13":{"start":{"line":20,"column":4},"end":{"line":20,"column":31}},"14":{"start":{"line":22,"column":4},"end":{"line":22,"column":23}},"15":{"start":{"line":23,"column":4},"end":{"line":23,"column":17}},"16":{"start":{"line":28,"column":2},"end":{"line":28,"column":42}},"17":{"start":{"line":29,"column":27},"end":{"line":29,"column":70}},"18":{"start":{"line":30,"column":2},"end":{"line":37,"column":3}},"19":{"start":{"line":31,"column":17},"end":{"line":31,"column":59}},"20":{"start":{"line":32,"column":4},"end":{"line":32,"column":36}},"21":{"start":{"line":33,"column":4},"end":{"line":33,"column":18}},"22":{"start":{"line":35,"column":4},"end":{"line":35,"column":23}},"23":{"start":{"line":36,"column":4},"end":{"line":36,"column":17}},"24":{"start":{"line":41,"column":2},"end":{"line":41,"column":42}},"25":{"start":{"line":42,"column":27},"end":{"line":42,"column":70}},"26":{"start":{"line":43,"column":27},"end":{"line":43,"column":122}},"27":{"start":{"line":44,"column":2},"end":{"line":44,"column":52}},"28":{"start":{"line":45,"column":2},"end":{"line":45,"column":28}},"29":{"start":{"line":49,"column":2},"end":{"line":49,"column":42}},"30":{"start":{"line":50,"column":27},"end":{"line":50,"column":70}},"31":{"start":{"line":51,"column":2},"end":{"line":62,"column":3}},"32":{"start":{"line":52,"column":29},"end":{"line":52,"column":62}},"33":{"start":{"line":53,"column":27},"end":{"line":53,"column":56}},"34":{"start":{"line":55,"column":4},"end":{"line":55,"column":41}},"35":{"start":{"line":56,"column":4},"end":{"line":56,"column":43}},"36":{"start":{"line":58,"column":4},"end":{"line":58,"column":23}},"37":{"start":{"line":60,"column":4},"end":{"line":60,"column":23}},"38":{"start":{"line":61,"column":4},"end":{"line":61,"column":17}},"39":{"start":{"line":66,"column":2},"end":{"line":66,"column":42}},"40":{"start":{"line":67,"column":27},"end":{"line":67,"column":70}},"41":{"start":{"line":68,"column":2},"end":{"line":85,"column":3}},"42":{"start":{"line":69,"column":29},"end":{"line":79,"column":37}},"43":{"start":{"line":80,"column":4},"end":{"line":80,"column":48}},"44":{"start":{"line":81,"column":4},"end":{"line":81,"column":30}},"45":{"start":{"line":83,"column":4},"end":{"line":83,"column":23}},"46":{"start":{"line":84,"column":4},"end":{"line":84,"column":17}},"47":{"start":{"line":89,"column":2},"end":{"line":89,"column":42}},"48":{"start":{"line":90,"column":27},"end":{"line":90,"column":70}},"49":{"start":{"line":91,"column":2},"end":{"line":96,"column":3}},"50":{"start":{"line":92,"column":4},"end":{"line":92,"column":56}},"51":{"start":{"line":94,"column":4},"end":{"line":94,"column":23}},"52":{"start":{"line":95,"column":4},"end":{"line":95,"column":17}},"53":{"start":{"line":100,"column":25},"end":{"line":100,"column":27}},"54":{"start":{"line":101,"column":2},"end":{"line":105,"column":3}},"55":{"start":{"line":102,"column":4},"end":{"line":104,"column":8}},"56":{"start":{"line":103,"column":6},"end":{"line":103,"column":50}},"57":{"start":{"line":106,"column":2},"end":{"line":106,"column":26}},"58":{"start":{"line":110,"column":2},"end":{"line":124,"column":3}},"59":{"start":{"line":111,"column":17},"end":{"line":111,"column":73}},"60":{"start":{"line":112,"column":14},"end":{"line":112,"column":61}},"61":{"start":{"line":114,"column":4},"end":{"line":114,"column":32}},"62":{"start":{"line":115,"column":4},"end":{"line":115,"column":29}},"63":{"start":{"line":117,"column":4},"end":{"line":117,"column":48}},"64":{"start":{"line":118,"column":4},"end":{"line":118,"column":38}},"65":{"start":{"line":120,"column":15},"end":{"line":120,"column":45}},"66":{"start":{"line":121,"column":4},"end":{"line":121,"column":104}},"67":{"start":{"line":123,"column":4},"end":{"line":123,"column":23}},"68":{"start":{"line":136,"column":0},"end":{"line":136,"column":38}},"69":{"start":{"line":137,"column":0},"end":{"line":137,"column":42}},"70":{"start":{"line":138,"column":0},"end":{"line":138,"column":48}},"71":{"start":{"line":139,"column":0},"end":{"line":139,"column":54}},"72":{"start":{"line":140,"column":0},"end":{"line":140,"column":40}},"73":{"start":{"line":141,"column":0},"end":{"line":141,"column":46}},"74":{"start":{"line":142,"column":0},"end":{"line":142,"column":54}}},"fnMap":{"0":{"name":"setConnection","decl":{"start":{"line":10,"column":9},"end":{"line":10,"column":22}},"loc":{"start":{"line":10,"column":37},"end":{"line":13,"column":1}},"line":10},"1":{"name":"getAppointments","decl":{"start":{"line":15,"column":15},"end":{"line":15,"column":30}},"loc":{"start":{"line":15,"column":33},"end":{"line":25,"column":1}},"line":15},"2":{"name":"getAppointmentById","decl":{"start":{"line":27,"column":15},"end":{"line":27,"column":33}},"loc":{"start":{"line":27,"column":38},"end":{"line":38,"column":1}},"line":27},"3":{"name":"getTodaysAppointments","decl":{"start":{"line":40,"column":15},"end":{"line":40,"column":36}},"loc":{"start":{"line":40,"column":38},"end":{"line":46,"column":1}},"line":40},"4":{"name":"addAppointment","decl":{"start":{"line":48,"column":15},"end":{"line":48,"column":29}},"loc":{"start":{"line":48,"column":43},"end":{"line":63,"column":1}},"line":48},"5":{"name":"updateAppointment","decl":{"start":{"line":65,"column":15},"end":{"line":65,"column":32}},"loc":{"start":{"line":65,"column":45},"end":{"line":86,"column":1}},"line":65},"6":{"name":"deleteAppointmentById","decl":{"start":{"line":88,"column":15},"end":{"line":88,"column":36}},"loc":{"start":{"line":88,"column":41},"end":{"line":97,"column":1}},"line":88},"7":{"name":"formatAppointmentsArray","decl":{"start":{"line":99,"column":15},"end":{"line":99,"column":38}},"loc":{"start":{"line":99,"column":52},"end":{"line":107,"column":1}},"line":99},"8":{"name":"(anonymous_8)","decl":{"start":{"line":102,"column":58},"end":{"line":102,"column":59}},"loc":{"start":{"line":102,"column":81},"end":{"line":104,"column":5}},"line":102},"9":{"name":"formatAppointment","decl":{"start":{"line":109,"column":15},"end":{"line":109,"column":32}},"loc":{"start":{"line":109,"column":45},"end":{"line":125,"column":1}},"line":109}},"branchMap":{"0":{"loc":{"start":{"line":101,"column":2},"end":{"line":105,"column":3}},"type":"if","locations":[{"start":{"line":101,"column":2},"end":{"line":105,"column":3}},{"start":{},"end":{}}],"line":101},"1":{"loc":{"start":{"line":110,"column":2},"end":{"line":124,"column":3}},"type":"if","locations":[{"start":{"line":110,"column":2},"end":{"line":124,"column":3}},{"start":{},"end":{}}],"line":110}},"s":{"0":1,"1":1,"2":1,"3":1,"4":1,"5":1,"6":1,"7":1,"8":1,"9":3,"10":3,"11":3,"12":3,"13":2,"14":1,"15":1,"16":3,"17":3,"18":3,"19":3,"20":2,"21":2,"22":1,"23":1,"24":1,"25":1,"26":1,"27":1,"28":1,"29":6,"30":6,"31":6,"32":6,"33":6,"34":1,"35":1,"36":1,"37":5,"38":5,"39":3,"40":3,"41":3,"42":3,"43":2,"44":2,"45":1,"46":1,"47":3,"48":3,"49":3,"50":3,"51":1,"52":1,"53":4,"54":4,"55":4,"56":13,"57":3,"58":18,"59":16,"60":16,"61":16,"62":16,"63":16,"64":15,"65":15,"66":15,"67":15,"68":1,"69":1,"70":1,"71":1,"72":1,"73":1,"74":1},"f":{"0":1,"1":3,"2":3,"3":1,"4":6,"5":3,"6":3,"7":4,"8":13,"9":18},"b":{"0":[4,0],"1":[16,2]},"_coverageSchema":"1a1c01bbd47fc00a2c39e90264f33305004495a9","hash":"978d10ce28d60e7421783195c5b311f803b08750"}
,"C:\\Users\\PhilippeWS\\Documents\\Calpoly School Work\\Winter Quarter 2022\\CPE-308\\Scheduling\\be-scheduling\\DB-Modules\\Services\\client-services.js": {"path":"C:\\Users\\PhilippeWS\\Documents\\Calpoly School Work\\Winter Quarter 2022\\CPE-308\\Scheduling\\be-scheduling\\DB-Modules\\Services\\client-services.js","statementMap":{"0":{"start":{"line":1,"column":21},"end":{"line":1,"column":48}},"1":{"start":{"line":2,"column":21},"end":{"line":2,"column":47}},"2":{"start":{"line":6,"column":2},"end":{"line":6,"column":22}},"3":{"start":{"line":7,"column":2},"end":{"line":7,"column":13}},"4":{"start":{"line":11,"column":2},"end":{"line":11,"column":42}},"5":{"start":{"line":12,"column":22},"end":{"line":12,"column":55}},"6":{"start":{"line":13,"column":22},"end":{"line":13,"column":79}},"7":{"start":{"line":14,"column":2},"end":{"line":14,"column":23}},"8":{"start":{"line":18,"column":2},"end":{"line":18,"column":42}},"9":{"start":{"line":19,"column":22},"end":{"line":19,"column":55}},"10":{"start":{"line":20,"column":2},"end":{"line":27,"column":3}},"11":{"start":{"line":21,"column":17},"end":{"line":21,"column":54}},"12":{"start":{"line":22,"column":4},"end":{"line":22,"column":31}},"13":{"start":{"line":23,"column":4},"end":{"line":23,"column":18}},"14":{"start":{"line":25,"column":4},"end":{"line":25,"column":23}},"15":{"start":{"line":26,"column":4},"end":{"line":26,"column":17}},"16":{"start":{"line":31,"column":2},"end":{"line":31,"column":42}},"17":{"start":{"line":32,"column":22},"end":{"line":32,"column":55}},"18":{"start":{"line":33,"column":2},"end":{"line":44,"column":3}},"19":{"start":{"line":34,"column":24},"end":{"line":34,"column":47}},"20":{"start":{"line":35,"column":22},"end":{"line":35,"column":46}},"21":{"start":{"line":37,"column":4},"end":{"line":37,"column":31}},"22":{"start":{"line":38,"column":4},"end":{"line":38,"column":33}},"23":{"start":{"line":40,"column":4},"end":{"line":40,"column":18}},"24":{"start":{"line":42,"column":4},"end":{"line":42,"column":23}},"25":{"start":{"line":43,"column":4},"end":{"line":43,"column":17}},"26":{"start":{"line":48,"column":2},"end":{"line":48,"column":42}},"27":{"start":{"line":49,"column":22},"end":{"line":49,"column":55}},"28":{"start":{"line":50,"column":2},"end":{"line":64,"column":3}},"29":{"start":{"line":51,"column":24},"end":{"line":58,"column":35}},"30":{"start":{"line":59,"column":4},"end":{"line":59,"column":38}},"31":{"start":{"line":60,"column":4},"end":{"line":60,"column":25}},"32":{"start":{"line":62,"column":4},"end":{"line":62,"column":23}},"33":{"start":{"line":63,"column":4},"end":{"line":63,"column":17}},"34":{"start":{"line":69,"column":2},"end":{"line":69,"column":42}},"35":{"start":{"line":70,"column":22},"end":{"line":70,"column":55}},"36":{"start":{"line":71,"column":2},"end":{"line":76,"column":3}},"37":{"start":{"line":72,"column":4},"end":{"line":72,"column":51}},"38":{"start":{"line":74,"column":4},"end":{"line":74,"column":23}},"39":{"start":{"line":75,"column":4},"end":{"line":75,"column":17}},"40":{"start":{"line":80,"column":20},"end":{"line":80,"column":22}},"41":{"start":{"line":81,"column":2},"end":{"line":85,"column":3}},"42":{"start":{"line":82,"column":4},"end":{"line":84,"column":8}},"43":{"start":{"line":83,"column":6},"end":{"line":83,"column":34}},"44":{"start":{"line":86,"column":2},"end":{"line":86,"column":21}},"45":{"start":{"line":90,"column":2},"end":{"line":95,"column":3}},"46":{"start":{"line":91,"column":4},"end":{"line":91,"column":66}},"47":{"start":{"line":92,"column":4},"end":{"line":92,"column":28}},"48":{"start":{"line":93,"column":4},"end":{"line":93,"column":26}},"49":{"start":{"line":94,"column":4},"end":{"line":94,"column":18}},"50":{"start":{"line":105,"column":0},"end":{"line":105,"column":38}},"51":{"start":{"line":106,"column":0},"end":{"line":106,"column":32}},"52":{"start":{"line":107,"column":0},"end":{"line":107,"column":38}},"53":{"start":{"line":108,"column":0},"end":{"line":108,"column":30}},"54":{"start":{"line":109,"column":0},"end":{"line":109,"column":36}},"55":{"start":{"line":110,"column":0},"end":{"line":110,"column":44}}},"fnMap":{"0":{"name":"setConnection","decl":{"start":{"line":5,"column":9},"end":{"line":5,"column":22}},"loc":{"start":{"line":5,"column":37},"end":{"line":8,"column":1}},"line":5},"1":{"name":"getClients","decl":{"start":{"line":10,"column":15},"end":{"line":10,"column":25}},"loc":{"start":{"line":10,"column":28},"end":{"line":15,"column":1}},"line":10},"2":{"name":"getClientById","decl":{"start":{"line":17,"column":15},"end":{"line":17,"column":28}},"loc":{"start":{"line":17,"column":33},"end":{"line":28,"column":1}},"line":17},"3":{"name":"addClient","decl":{"start":{"line":30,"column":15},"end":{"line":30,"column":24}},"loc":{"start":{"line":30,"column":33},"end":{"line":45,"column":1}},"line":30},"4":{"name":"updateClient","decl":{"start":{"line":47,"column":15},"end":{"line":47,"column":27}},"loc":{"start":{"line":47,"column":35},"end":{"line":65,"column":1}},"line":47},"5":{"name":"deleteClientById","decl":{"start":{"line":68,"column":15},"end":{"line":68,"column":31}},"loc":{"start":{"line":68,"column":36},"end":{"line":77,"column":1}},"line":68},"6":{"name":"formatClientsArray","decl":{"start":{"line":79,"column":15},"end":{"line":79,"column":33}},"loc":{"start":{"line":79,"column":42},"end":{"line":87,"column":1}},"line":79},"7":{"name":"(anonymous_7)","decl":{"start":{"line":82,"column":48},"end":{"line":82,"column":49}},"loc":{"start":{"line":82,"column":66},"end":{"line":84,"column":5}},"line":82},"8":{"name":"formatClient","decl":{"start":{"line":89,"column":15},"end":{"line":89,"column":27}},"loc":{"start":{"line":89,"column":35},"end":{"line":96,"column":1}},"line":89}},"branchMap":{"0":{"loc":{"start":{"line":81,"column":2},"end":{"line":85,"column":3}},"type":"if","locations":[{"start":{"line":81,"column":2},"end":{"line":85,"column":3}},{"start":{},"end":{}}],"line":81},"1":{"loc":{"start":{"line":90,"column":2},"end":{"line":95,"column":3}},"type":"if","locations":[{"start":{"line":90,"column":2},"end":{"line":95,"column":3}},{"start":{},"end":{}}],"line":90}},"s":{"0":3,"1":3,"2":3,"3":3,"4":21,"5":21,"6":21,"7":21,"8":80,"9":80,"10":80,"11":80,"12":79,"13":79,"14":1,"15":1,"16":5,"17":5,"18":5,"19":5,"20":5,"21":1,"22":1,"23":1,"24":4,"25":4,"26":3,"27":3,"28":3,"29":3,"30":2,"31":2,"32":1,"33":1,"34":3,"35":3,"36":3,"37":3,"38":1,"39":1,"40":21,"41":21,"42":21,"43":65,"44":21,"45":147,"46":143,"47":143,"48":143,"49":143,"50":3,"51":3,"52":3,"53":3,"54":3,"55":3},"f":{"0":3,"1":21,"2":80,"3":5,"4":3,"5":3,"6":21,"7":65,"8":147},"b":{"0":[21,0],"1":[143,4]},"_coverageSchema":"1a1c01bbd47fc00a2c39e90264f33305004495a9","hash":"b2e9a8b42ef870744dfb7fb07467a3bec914fc28"}
,"C:\\Users\\PhilippeWS\\Documents\\Calpoly School Work\\Winter Quarter 2022\\CPE-308\\Scheduling\\be-scheduling\\DB-Modules\\Services\\dog-services.js": {"path":"C:\\Users\\PhilippeWS\\Documents\\Calpoly School Work\\Winter Quarter 2022\\CPE-308\\Scheduling\\be-scheduling\\DB-Modules\\Services\\dog-services.js","statementMap":{"0":{"start":{"line":1,"column":18},"end":{"line":1,"column":42}},"1":{"start":{"line":2,"column":21},"end":{"line":2,"column":47}},"2":{"start":{"line":3,"column":23},"end":{"line":3,"column":51}},"3":{"start":{"line":4,"column":12},"end":{"line":4,"column":43}},"4":{"start":{"line":8,"column":2},"end":{"line":8,"column":22}},"5":{"start":{"line":9,"column":2},"end":{"line":9,"column":13}},"6":{"start":{"line":13,"column":2},"end":{"line":13,"column":42}},"7":{"start":{"line":14,"column":19},"end":{"line":14,"column":46}},"8":{"start":{"line":15,"column":2},"end":{"line":21,"column":3}},"9":{"start":{"line":16,"column":21},"end":{"line":16,"column":67}},"10":{"start":{"line":17,"column":4},"end":{"line":17,"column":22}},"11":{"start":{"line":19,"column":4},"end":{"line":19,"column":23}},"12":{"start":{"line":20,"column":4},"end":{"line":20,"column":17}},"13":{"start":{"line":25,"column":2},"end":{"line":25,"column":42}},"14":{"start":{"line":26,"column":19},"end":{"line":26,"column":46}},"15":{"start":{"line":27,"column":2},"end":{"line":34,"column":3}},"16":{"start":{"line":28,"column":17},"end":{"line":28,"column":44}},"17":{"start":{"line":29,"column":4},"end":{"line":29,"column":28}},"18":{"start":{"line":30,"column":4},"end":{"line":30,"column":18}},"19":{"start":{"line":32,"column":4},"end":{"line":32,"column":23}},"20":{"start":{"line":33,"column":4},"end":{"line":33,"column":17}},"21":{"start":{"line":38,"column":2},"end":{"line":38,"column":42}},"22":{"start":{"line":39,"column":19},"end":{"line":39,"column":46}},"23":{"start":{"line":40,"column":2},"end":{"line":51,"column":3}},"24":{"start":{"line":41,"column":21},"end":{"line":41,"column":38}},"25":{"start":{"line":42,"column":19},"end":{"line":42,"column":40}},"26":{"start":{"line":44,"column":4},"end":{"line":44,"column":25}},"27":{"start":{"line":45,"column":4},"end":{"line":45,"column":27}},"28":{"start":{"line":47,"column":4},"end":{"line":47,"column":15}},"29":{"start":{"line":49,"column":4},"end":{"line":49,"column":23}},"30":{"start":{"line":50,"column":4},"end":{"line":50,"column":17}},"31":{"start":{"line":55,"column":2},"end":{"line":55,"column":42}},"32":{"start":{"line":56,"column":19},"end":{"line":56,"column":46}},"33":{"start":{"line":57,"column":2},"end":{"line":70,"column":3}},"34":{"start":{"line":58,"column":21},"end":{"line":64,"column":37}},"35":{"start":{"line":65,"column":4},"end":{"line":65,"column":32}},"36":{"start":{"line":66,"column":4},"end":{"line":66,"column":22}},"37":{"start":{"line":68,"column":4},"end":{"line":68,"column":23}},"38":{"start":{"line":69,"column":4},"end":{"line":69,"column":17}},"39":{"start":{"line":74,"column":2},"end":{"line":74,"column":42}},"40":{"start":{"line":75,"column":19},"end":{"line":75,"column":46}},"41":{"start":{"line":76,"column":2},"end":{"line":81,"column":3}},"42":{"start":{"line":77,"column":4},"end":{"line":77,"column":48}},"43":{"start":{"line":79,"column":4},"end":{"line":79,"column":23}},"44":{"start":{"line":80,"column":4},"end":{"line":80,"column":17}},"45":{"start":{"line":86,"column":17},"end":{"line":86,"column":19}},"46":{"start":{"line":87,"column":2},"end":{"line":91,"column":3}},"47":{"start":{"line":88,"column":4},"end":{"line":90,"column":8}},"48":{"start":{"line":89,"column":6},"end":{"line":89,"column":28}},"49":{"start":{"line":92,"column":2},"end":{"line":92,"column":18}},"50":{"start":{"line":98,"column":2},"end":{"line":103,"column":3}},"51":{"start":{"line":99,"column":17},"end":{"line":99,"column":65}},"52":{"start":{"line":100,"column":4},"end":{"line":100,"column":24}},"53":{"start":{"line":101,"column":4},"end":{"line":101,"column":40}},"54":{"start":{"line":102,"column":4},"end":{"line":102,"column":15}},"55":{"start":{"line":113,"column":0},"end":{"line":113,"column":38}},"56":{"start":{"line":114,"column":0},"end":{"line":114,"column":26}},"57":{"start":{"line":115,"column":0},"end":{"line":115,"column":32}},"58":{"start":{"line":116,"column":0},"end":{"line":116,"column":24}},"59":{"start":{"line":117,"column":0},"end":{"line":117,"column":30}},"60":{"start":{"line":118,"column":0},"end":{"line":118,"column":38}}},"fnMap":{"0":{"name":"setConnection","decl":{"start":{"line":7,"column":9},"end":{"line":7,"column":22}},"loc":{"start":{"line":7,"column":37},"end":{"line":10,"column":1}},"line":7},"1":{"name":"getDogs","decl":{"start":{"line":12,"column":15},"end":{"line":12,"column":22}},"loc":{"start":{"line":12,"column":25},"end":{"line":22,"column":1}},"line":12},"2":{"name":"getDogById","decl":{"start":{"line":24,"column":15},"end":{"line":24,"column":25}},"loc":{"start":{"line":24,"column":30},"end":{"line":35,"column":1}},"line":24},"3":{"name":"addDog","decl":{"start":{"line":37,"column":15},"end":{"line":37,"column":21}},"loc":{"start":{"line":37,"column":27},"end":{"line":52,"column":1}},"line":37},"4":{"name":"updateDog","decl":{"start":{"line":54,"column":15},"end":{"line":54,"column":24}},"loc":{"start":{"line":54,"column":29},"end":{"line":71,"column":1}},"line":54},"5":{"name":"deleteDogById","decl":{"start":{"line":73,"column":15},"end":{"line":73,"column":28}},"loc":{"start":{"line":73,"column":33},"end":{"line":82,"column":1}},"line":73},"6":{"name":"formatDogs","decl":{"start":{"line":85,"column":15},"end":{"line":85,"column":25}},"loc":{"start":{"line":85,"column":31},"end":{"line":93,"column":1}},"line":85},"7":{"name":"(anonymous_7)","decl":{"start":{"line":88,"column":42},"end":{"line":88,"column":43}},"loc":{"start":{"line":88,"column":57},"end":{"line":90,"column":5}},"line":88},"8":{"name":"formatDog","decl":{"start":{"line":97,"column":15},"end":{"line":97,"column":24}},"loc":{"start":{"line":97,"column":29},"end":{"line":104,"column":1}},"line":97}},"branchMap":{"0":{"loc":{"start":{"line":87,"column":2},"end":{"line":91,"column":3}},"type":"if","locations":[{"start":{"line":87,"column":2},"end":{"line":91,"column":3}},{"start":{},"end":{}}],"line":87},"1":{"loc":{"start":{"line":98,"column":2},"end":{"line":103,"column":3}},"type":"if","locations":[{"start":{"line":98,"column":2},"end":{"line":103,"column":3}},{"start":{},"end":{}}],"line":98}},"s":{"0":2,"1":2,"2":2,"3":2,"4":2,"5":2,"6":14,"7":14,"8":14,"9":14,"10":13,"11":1,"12":1,"13":19,"14":19,"15":19,"16":19,"17":18,"18":18,"19":1,"20":1,"21":4,"22":4,"23":4,"24":4,"25":4,"26":1,"27":1,"28":1,"29":3,"30":3,"31":3,"32":3,"33":3,"34":3,"35":2,"36":2,"37":1,"38":1,"39":3,"40":3,"41":3,"42":3,"43":1,"44":1,"45":14,"46":14,"47":14,"48":43,"49":13,"50":64,"51":61,"52":61,"53":61,"54":60,"55":2,"56":2,"57":2,"58":2,"59":2,"60":2},"f":{"0":2,"1":14,"2":19,"3":4,"4":3,"5":3,"6":14,"7":43,"8":64},"b":{"0":[14,0],"1":[61,3]},"_coverageSchema":"1a1c01bbd47fc00a2c39e90264f33305004495a9","hash":"12ab7fa3f32952ae3e52eaf78022cd93bcf34841"}
}
