TN:
SF:DB-Modules\dbConnection.js
FN:17,getDbConnection
FNF:1
FNH:1
FNDA:186,getDbConnection
DA:1,3
DA:2,3
DA:3,3
DA:18,186
DA:19,186
DA:20,3
DA:25,186
DA:28,3
LF:8
LH:8
BRDA:19,0,0,3
BRDA:19,0,1,183
BRF:2
BRH:2
end_of_record
TN:
SF:DB-Modules\Models\appointment.js
FNF:0
FNH:0
DA:1,3
DA:3,3
DA:39,3
LF:3
LH:3
BRF:0
BRH:0
end_of_record
TN:
SF:DB-Modules\Models\client.js
FNF:0
FNH:0
DA:1,3
DA:3,3
DA:27,3
LF:3
LH:3
BRF:0
BRH:0
end_of_record
TN:
SF:DB-Modules\Models\dog.js
FNF:0
FNH:0
DA:1,3
DA:3,3
DA:23,3
LF:3
LH:3
BRF:0
BRH:0
end_of_record
TN:
SF:DB-Modules\Services\appointment-services.js
FN:10,setConnection
FN:15,getAppointments
FN:32,getAppointmentById
FN:48,getTodaysAppointments
FN:58,addAppointment
FN:75,updateAppointment
FN:102,deleteAppointmentById
FN:113,formatAppointmentsArray
FN:117,(anonymous_8)
FN:125,formatAppointment
FNF:10
FNH:10
FNDA:1,setConnection
FNDA:9,getAppointments
FNDA:4,getAppointmentById
FNDA:1,getTodaysAppointments
FNDA:6,addAppointment
FNDA:3,updateAppointment
FNDA:3,deleteAppointmentById
FNDA:4,formatAppointmentsArray
FNDA:13,(anonymous_8)
FNDA:18,formatAppointment
DA:1,3
DA:2,3
DA:3,3
DA:4,3
DA:5,3
DA:6,3
DA:7,3
DA:11,1
DA:12,1
DA:16,9
DA:17,9
DA:18,9
DA:19,9
DA:21,9
DA:22,3
DA:25,8
DA:27,1
DA:28,1
DA:33,4
DA:34,4
DA:35,4
DA:36,4
DA:38,3
DA:39,2
DA:41,3
DA:43,1
DA:44,1
DA:49,1
DA:50,1
DA:51,1
DA:54,1
DA:55,1
DA:59,6
DA:60,6
DA:61,6
DA:62,6
DA:63,6
DA:65,1
DA:66,1
DA:68,1
DA:70,5
DA:71,5
DA:76,3
DA:77,3
DA:78,3
DA:79,3
DA:94,2
DA:95,2
DA:97,1
DA:98,1
DA:103,3
DA:104,3
DA:105,3
DA:106,3
DA:108,1
DA:109,1
DA:114,4
DA:115,4
DA:116,4
DA:118,13
DA:122,3
DA:126,18
DA:127,16
DA:128,16
DA:130,16
DA:131,16
DA:133,16
DA:134,15
DA:136,15
DA:138,15
DA:139,3
DA:144,12
DA:152,15
DA:156,3
DA:157,3
DA:158,3
DA:159,3
DA:160,3
DA:161,3
DA:162,3
LF:80
LH:80
BRDA:15,0,0,3
BRDA:21,1,0,3
BRDA:21,1,1,6
BRDA:32,2,0,3
BRDA:38,3,0,2
BRDA:38,3,1,1
BRDA:113,4,0,3
BRDA:115,5,0,4
BRDA:115,5,1,0
BRDA:126,6,0,16
BRDA:126,6,1,2
BRDA:138,7,0,3
BRDA:138,7,1,12
BRF:13
BRH:12
end_of_record
TN:
SF:DB-Modules\Services\client-services.js
FN:7,setConnection
FN:12,getClients
FN:23,getClientById
FN:38,addClient
FN:55,updateClient
FN:79,deleteClientById
FN:87,(anonymous_6)
FN:94,(anonymous_7)
FN:107,formatClientsArray
FN:111,(anonymous_9)
FN:119,formatClient
FNF:11
FNH:11
FNDA:3,setConnection
FNDA:21,getClients
FNDA:82,getClientById
FNDA:5,addClient
FNDA:3,updateClient
FNDA:3,deleteClientById
FNDA:6,(anonymous_6)
FNDA:9,(anonymous_7)
FNDA:21,formatClientsArray
FNDA:65,(anonymous_9)
FNDA:149,formatClient
DA:1,3
DA:2,3
DA:3,3
DA:4,3
DA:8,3
DA:9,3
DA:13,21
DA:14,21
DA:15,21
DA:16,21
DA:17,21
DA:20,21
DA:24,82
DA:25,82
DA:26,82
DA:27,82
DA:29,81
DA:31,81
DA:33,1
DA:34,1
DA:39,5
DA:40,5
DA:41,5
DA:42,5
DA:43,5
DA:45,1
DA:46,1
DA:48,1
DA:50,4
DA:51,4
DA:56,3
DA:57,3
DA:58,3
DA:59,3
DA:71,2
DA:72,2
DA:74,1
DA:75,1
DA:80,3
DA:81,3
DA:82,3
DA:84,3
DA:87,3
DA:88,6
DA:89,0
DA:93,3
DA:94,3
DA:95,9
DA:96,0
DA:100,3
DA:102,1
DA:103,1
DA:108,21
DA:109,21
DA:110,21
DA:112,65
DA:116,21
DA:120,149
DA:121,145
DA:122,145
DA:123,145
DA:124,145
DA:128,3
DA:129,3
DA:130,3
DA:131,3
DA:132,3
DA:133,3
LF:68
LH:66
BRDA:12,0,0,21
BRDA:16,1,0,21
BRDA:16,1,1,0
BRDA:23,2,0,82
BRDA:29,3,0,81
BRDA:29,3,1,0
BRDA:88,4,0,0
BRDA:88,4,1,6
BRDA:95,5,0,0
BRDA:95,5,1,9
BRDA:109,6,0,21
BRDA:109,6,1,0
BRDA:120,7,0,145
BRDA:120,7,1,4
BRF:14
BRH:9
end_of_record
TN:
SF:DB-Modules\Services\dog-services.js
FN:8,setConnection
FN:13,getDogs
FN:28,getDogById
FN:43,addDog
FN:60,updateDog
FN:83,deleteDogById
FN:91,(anonymous_6)
FN:103,formatDogs
FN:107,(anonymous_8)
FN:115,formatDog
FNF:10
FNH:10
FNDA:2,setConnection
FNDA:18,getDogs
FNDA:18,getDogById
FNDA:4,addDog
FNDA:3,updateDog
FNDA:3,deleteDogById
FNDA:6,(anonymous_6)
FNDA:15,formatDogs
FNDA:46,(anonymous_8)
FNDA:66,formatDog
DA:1,3
DA:2,3
DA:3,3
DA:4,3
DA:5,3
DA:9,2
DA:10,2
DA:14,18
DA:15,18
DA:16,18
DA:17,18
DA:18,18
DA:19,15
DA:21,17
DA:23,1
DA:24,1
DA:29,18
DA:30,18
DA:31,18
DA:32,18
DA:34,17
DA:36,17
DA:38,1
DA:39,1
DA:44,4
DA:45,4
DA:46,4
DA:47,4
DA:48,4
DA:50,1
DA:51,1
DA:53,1
DA:55,3
DA:56,3
DA:61,3
DA:62,3
DA:63,3
DA:64,3
DA:75,2
DA:76,2
DA:78,1
DA:79,1
DA:84,3
DA:85,3
DA:86,3
DA:88,3
DA:91,3
DA:92,6
DA:93,0
DA:96,3
DA:98,1
DA:99,1
DA:104,15
DA:105,15
DA:106,15
DA:108,46
DA:112,14
DA:116,66
DA:117,63
DA:118,63
DA:119,63
DA:120,62
DA:124,3
DA:125,3
DA:126,3
DA:127,3
DA:128,3
DA:129,3
LF:68
LH:67
BRDA:13,0,0,15
BRDA:18,1,0,15
BRDA:18,1,1,3
BRDA:28,2,0,18
BRDA:34,3,0,17
BRDA:34,3,1,0
BRDA:92,4,0,0
BRDA:92,4,1,6
BRDA:105,5,0,15
BRDA:105,5,1,0
BRDA:116,6,0,63
BRDA:116,6,1,3
BRF:12
BRH:9
end_of_record
