TN:
SF:DB-Modules\dbConnection.js
FN:17,getDbConnection
FNF:1
FNH:1
FNDA:180,getDbConnection
DA:1,3
DA:2,3
DA:3,3
DA:18,180
DA:19,180
DA:20,0
DA:25,180
DA:28,3
LF:8
LH:7
BRDA:19,0,0,0
BRDA:19,0,1,180
BRF:2
BRH:1
end_of_record
TN:
SF:DB-Modules\Models\appointment.js
FNF:0
FNH:0
DA:1,1
DA:4,1
DA:37,1
LF:3
LH:3
BRF:0
BRH:0
end_of_record
TN:
SF:DB-Modules\Models\client.js
FNF:0
FNH:0
DA:1,3
DA:3,3
DA:24,3
LF:3
LH:3
BRF:0
BRH:0
end_of_record
TN:
SF:DB-Modules\Models\dog.js
FNF:0
FNH:0
DA:1,2
DA:3,2
DA:20,2
LF:3
LH:3
BRF:0
BRH:0
end_of_record
TN:
SF:DB-Modules\Services\appointment-services.js
FN:10,setConnection
FN:15,getAppointments
FN:27,getAppointmentById
FN:44,getTodaysAppointments
FN:52,addAppointment
FN:69,updateAppointment
FN:92,deleteAppointmentById
FN:103,formatAppointmentsArray
FN:106,(anonymous_8)
FN:113,formatAppointment
FNF:10
FNH:10
FNDA:1,setConnection
FNDA:3,getAppointments
FNDA:4,getAppointmentById
FNDA:1,getTodaysAppointments
FNDA:6,addAppointment
FNDA:3,updateAppointment
FNDA:3,deleteAppointmentById
FNDA:4,formatAppointmentsArray
FNDA:13,(anonymous_8)
FNDA:18,formatAppointment
DA:1,1
DA:2,1
DA:3,1
DA:4,1
DA:5,1
DA:6,1
DA:7,1
DA:11,1
DA:12,1
DA:16,3
DA:17,3
DA:18,3
DA:19,3
DA:20,2
DA:22,1
DA:23,1
DA:28,4
DA:29,4
DA:30,4
DA:32,4
DA:33,3
DA:35,1
DA:37,3
DA:39,1
DA:40,1
DA:45,1
DA:46,1
DA:47,1
DA:48,1
DA:49,1
DA:53,6
DA:54,6
DA:55,6
DA:56,6
DA:57,6
DA:59,1
DA:60,1
DA:62,1
DA:64,5
DA:65,5
DA:70,3
DA:71,3
DA:72,3
DA:73,3
DA:84,2
DA:85,2
DA:87,1
DA:88,1
DA:93,3
DA:94,3
DA:95,3
DA:96,3
DA:98,1
DA:99,1
DA:104,4
DA:105,4
DA:106,4
DA:107,13
DA:110,3
DA:114,18
DA:115,16
DA:116,16
DA:118,16
DA:119,16
DA:121,16
DA:122,15
DA:124,15
DA:126,15
DA:127,3
DA:129,12
DA:131,15
DA:135,1
DA:136,1
DA:137,1
DA:138,1
DA:139,1
DA:140,1
DA:141,1
LF:78
LH:78
BRDA:27,0,0,3
BRDA:32,1,0,3
BRDA:32,1,1,1
BRDA:103,2,0,3
BRDA:105,3,0,4
BRDA:105,3,1,0
BRDA:114,4,0,16
BRDA:114,4,1,2
BRDA:126,5,0,3
BRDA:126,5,1,12
BRF:10
BRH:9
end_of_record
TN:
SF:DB-Modules\Services\client-services.js
FN:5,setConnection
FN:10,getClients
FN:17,getClientById
FN:30,addClient
FN:47,updateClient
FN:68,deleteClientById
FN:79,formatClientsArray
FN:82,(anonymous_7)
FN:89,formatClient
FNF:9
FNH:9
FNDA:3,setConnection
FNDA:22,getClients
FNDA:83,getClientById
FNDA:5,addClient
FNDA:3,updateClient
FNDA:3,deleteClientById
FNDA:22,formatClientsArray
FNDA:68,(anonymous_7)
FNDA:153,formatClient
DA:1,3
DA:2,3
DA:6,3
DA:7,3
DA:11,22
DA:12,22
DA:13,22
DA:14,22
DA:18,83
DA:19,83
DA:20,83
DA:21,83
DA:22,82
DA:23,82
DA:25,1
DA:26,1
DA:31,5
DA:32,5
DA:33,5
DA:34,5
DA:35,5
DA:37,1
DA:38,1
DA:40,1
DA:42,4
DA:43,4
DA:48,3
DA:49,3
DA:50,3
DA:51,3
DA:59,2
DA:60,2
DA:62,1
DA:63,1
DA:69,3
DA:70,3
DA:71,3
DA:72,3
DA:74,1
DA:75,1
DA:80,22
DA:81,22
DA:82,22
DA:83,68
DA:86,22
DA:90,153
DA:91,149
DA:92,149
DA:93,149
DA:94,149
DA:105,3
DA:106,3
DA:107,3
DA:108,3
DA:109,3
DA:110,3
LF:56
LH:56
BRDA:81,0,0,22
BRDA:81,0,1,0
BRDA:90,1,0,149
BRDA:90,1,1,4
BRF:4
BRH:3
end_of_record
TN:
SF:DB-Modules\Services\dog-services.js
FN:7,setConnection
FN:12,getDogs
FN:24,getDogById
FN:37,addDog
FN:54,updateDog
FN:73,deleteDogById
FN:85,formatDogs
FN:88,(anonymous_7)
FN:97,formatDog
FNF:9
FNH:9
FNDA:2,setConnection
FNDA:15,getDogs
FNDA:19,getDogById
FNDA:4,addDog
FNDA:3,updateDog
FNDA:3,deleteDogById
FNDA:15,formatDogs
FNDA:46,(anonymous_7)
FNDA:67,formatDog
DA:1,2
DA:2,2
DA:3,2
DA:4,2
DA:8,2
DA:9,2
DA:13,15
DA:14,15
DA:15,15
DA:16,15
DA:17,14
DA:19,1
DA:20,1
DA:25,19
DA:26,19
DA:27,19
DA:28,19
DA:29,18
DA:30,18
DA:32,1
DA:33,1
DA:38,4
DA:39,4
DA:40,4
DA:41,4
DA:42,4
DA:44,1
DA:45,1
DA:47,1
DA:49,3
DA:50,3
DA:55,3
DA:56,3
DA:57,3
DA:58,3
DA:65,2
DA:66,2
DA:68,1
DA:69,1
DA:74,3
DA:75,3
DA:76,3
DA:77,3
DA:79,1
DA:80,1
DA:86,15
DA:87,15
DA:88,15
DA:89,46
DA:92,14
DA:98,67
DA:99,64
DA:100,64
DA:101,64
DA:102,63
DA:113,2
DA:114,2
DA:115,2
DA:116,2
DA:117,2
DA:118,2
LF:61
LH:61
BRDA:87,0,0,15
BRDA:87,0,1,0
BRDA:98,1,0,64
BRDA:98,1,1,3
BRF:4
BRH:3
end_of_record
